<?xml version="1.0" encoding="UTF-8"?>
<!-- Generated by org.testng.reporters.JUnitXMLReporter -->
<testsuite ignored="0" hostname="TEJAL" failures="0" tests="1" name="Default test(failed)" time="1.16" errors="0" timestamp="2024-01-22T13:42:53 IST">
  <testcase classname="com.crm.qa.Base.BaseTest" name="@BeforeMethod beforemethod" time="-1.705911173211E9">
    <failure type="org.testng.TestNGException" message="
Parameter &amp;apos;browser&amp;apos; is required by BeforeMethod on method beforemethod but has not been marked @Optional or defined
in C:\Users\tejal\eclipse-workspace\SeleniumFramework\test-output\testng-failed.xml">
      <![CDATA[org.testng.TestNGException: 
Parameter 'browser' is required by BeforeMethod on method beforemethod but has not been marked @Optional or defined
in C:\Users\tejal\eclipse-workspace\SeleniumFramework\test-output\testng-failed.xml
at java.base/java.util.ArrayList.forEach(ArrayList.java:1511)
... Removed 28 stack frames]]>
    </failure>
  </testcase> <!-- @BeforeMethod beforemethod -->
  <testcase classname="com.crm.qa.Base.BaseTest" name="@AfterMethod aftermethod" time="-1.705911173251E9">
    <skipped/>
  </testcase> <!-- @AfterMethod aftermethod -->
  <testcase classname="com.crm.qa.tests.Testcase_01" name="MethodForEnteringCredentials" time="0.0">
    <skipped/>
  </testcase> <!-- MethodForEnteringCredentials -->
</testsuite> <!-- Default test(failed) -->
